#
# There is insufficient memory for the Java Runtime Environment to continue.
# Native memory allocation (malloc) failed to allocate 143280 bytes for Chunk::new
# Possible reasons:
#   The system is out of physical RAM or swap space
#   The process is running with CompressedOops enabled, and the Java Heap may be blocking the growth of the native heap
# Possible solutions:
#   Reduce memory load on the system
#   Increase physical memory or swap space
#   Check if swap backing store is full
#   Decrease Java heap size (-Xmx/-Xms)
#   Decrease number of Java threads
#   Decrease Java thread stack sizes (-Xss)
#   Set larger code cache with -XX:ReservedCodeCacheSize=
#   JVM is running with Unscaled Compressed Oops mode in which the Java heap is
#     placed in the first 4GB address space. The Java Heap base address is the
#     maximum limit for the native heap growth. Please use -XX:HeapBaseMinAddress
#     to set the Java Heap base and to place the Java Heap above 4GB virtual address.
# This output file may be truncated or incomplete.
#
#  Out of Memory Error (arena.cpp:189), pid=11056, tid=15372
#
# JRE version: OpenJDK Runtime Environment Temurin-17.0.1+12 (17.0.1+12) (build 17.0.1+12)
# Java VM: OpenJDK 64-Bit Server VM Temurin-17.0.1+12 (17.0.1+12, mixed mode, tiered, compressed oops, compressed class ptrs, g1 gc, windows-amd64)
# No core dump will be written. Minidumps are not enabled by default on client versions of Windows
#

---------------  S U M M A R Y ------------

Command Line: -XX:+ShowCodeDetailsInExceptionMessages -agentlib:jdwp=transport=dt_socket,suspend=y,address=localhost:12764 --module-path=C:\Program Files (x86)\Oracle\javafx-sdk-17.0.1\lib --add-modules=javafx.controls,javafx.fxml -javaagent:D:\Programs\Eclipse\eclipse\configuration\org.eclipse.osgi\222\0\.cp\lib\javaagent-shaded.jar -Dfile.encoding=UTF-8 --module-path=C:\Users\Noname\.p2\pool\plugins\org.eclipse.fx.ide.css.jfx8_3.7.0.202010120832.jar;C:\Program Files (x86)\Oracle\javafx-sdk-17.0.1\lib\javafx.base.jar;C:\Program Files (x86)\Oracle\javafx-sdk-17.0.1\lib\javafx.controls.jar;C:\Program Files (x86)\Oracle\javafx-sdk-17.0.1\lib\javafx.fxml.jar;C:\Program Files (x86)\Oracle\javafx-sdk-17.0.1\lib\javafx.graphics.jar;C:\Program Files (x86)\Oracle\javafx-sdk-17.0.1\lib\javafx.media.jar;C:\Program Files (x86)\Oracle\javafx-sdk-17.0.1\lib\javafx.swing.jar;C:\Program Files (x86)\Oracle\javafx-sdk-17.0.1\lib\javafx.web.jar;C:\Program Files (x86)\Oracle\javafx-sdk-17.0.1\lib\javafx-swt.jar;C:\Program Files (x86)\MySQL\Connector J 8.0\mysql-connector-java-8.0.27.jar client.Client

Host: Intel(R) Core(TM) i5-8265U CPU @ 1.60GHz, 8 cores, 7G,  Windows 10 , 64 bit Build 19041 (10.0.19041.1023)
Time: Sun Nov 28 12:56:18 2021 RTZ 2 (s 10 , 64 bit Build 19041 (10.0.19041.1023) elapsed time: 0.663979 seconds (0d 0h 0m 0s)

---------------  T H R E A D  ---------------

Current thread (0x00000199c3f5d300):  JavaThread "C2 CompilerThread0" daemon [_thread_in_native, id=15372, stack(0x0000000101300000,0x0000000101400000)]


Current CompileTask:
C2:    664  942       4       org.eclipse.jdt.launching.internal.org.objectweb.asm.ClassReader::readUtf (161 bytes)

Stack: [0x0000000101300000,0x0000000101400000]
Native frames: (J=compiled Java code, j=interpreted, Vv=VM code, C=native code)
V  [jvm.dll+0x6744da]
V  [jvm.dll+0x82e144]
V  [jvm.dll+0x82f8ee]
V  [jvm.dll+0x82ff53]
V  [jvm.dll+0x245175]
V  [jvm.dll+0xab85b]
V  [jvm.dll+0xabdec]
V  [jvm.dll+0x362f07]
V  [jvm.dll+0x32d4c1]
V  [jvm.dll+0x32c96a]
V  [jvm.dll+0x218031]
V  [jvm.dll+0x217451]
V  [jvm.dll+0x1a355d]
V  [jvm.dll+0x226e38]
V  [jvm.dll+0x224f7c]
V  [jvm.dll+0x7e3f5b]
V  [jvm.dll+0x7de51a]
V  [jvm.dll+0x673305]
C  [ucrtbase.dll+0x21bb2]
C  [KERNEL32.DLL+0x17034]
C  [ntdll.dll+0x52651]


---------------  P R O C E S S  ---------------

Threads class SMR info:
_java_thread_list=0x0000019a05333200, length=19, elements={
0x00000199aa05aed0, 0x00000199c3ef9240, 0x00000199c3efa330, 0x00000199c3f53020,
0x00000199c3f54af0, 0x00000199c3f556a0, 0x00000199c3f5c570, 0x00000199c3f5d300,
0x0000019a04934020, 0x0000019a04983880, 0x0000019a04ac9cf0, 0x0000019a04afbcd0,
0x0000019a04dc32c0, 0x0000019a04dc3d80, 0x0000019a04dc4270, 0x0000019a051ed880,
0x0000019a052b38e0, 0x0000019a052aff20, 0x0000019a052b1c00
}

Java Threads: ( => current thread )
  0x00000199aa05aed0 JavaThread "main" [_thread_blocked, id=9868, stack(0x0000000100600000,0x0000000100700000)]
  0x00000199c3ef9240 JavaThread "Reference Handler" daemon [_thread_blocked, id=14508, stack(0x0000000100d00000,0x0000000100e00000)]
  0x00000199c3efa330 JavaThread "Finalizer" daemon [_thread_blocked, id=9332, stack(0x0000000100e00000,0x0000000100f00000)]
  0x00000199c3f53020 JavaThread "Signal Dispatcher" daemon [_thread_blocked, id=10944, stack(0x0000000100f00000,0x0000000101000000)]
  0x00000199c3f54af0 JavaThread "Attach Listener" daemon [_thread_blocked, id=14996, stack(0x0000000101000000,0x0000000101100000)]
  0x00000199c3f556a0 JavaThread "Service Thread" daemon [_thread_blocked, id=2732, stack(0x0000000101100000,0x0000000101200000)]
  0x00000199c3f5c570 JavaThread "Monitor Deflation Thread" daemon [_thread_blocked, id=6160, stack(0x0000000101200000,0x0000000101300000)]
=>0x00000199c3f5d300 JavaThread "C2 CompilerThread0" daemon [_thread_in_native, id=15372, stack(0x0000000101300000,0x0000000101400000)]
  0x0000019a04934020 JavaThread "C1 CompilerThread0" daemon [_thread_in_native, id=3236, stack(0x0000000101400000,0x0000000101500000)]
  0x0000019a04983880 JavaThread "Sweeper thread" daemon [_thread_blocked, id=11320, stack(0x0000000101500000,0x0000000101600000)]
  0x0000019a04ac9cf0 JavaThread "Common-Cleaner" daemon [_thread_blocked, id=632, stack(0x0000000101600000,0x0000000101700000)]
  0x0000019a04afbcd0 JavaThread "C2 CompilerThread1" daemon [_thread_in_native, id=1764, stack(0x0000000101700000,0x0000000101800000)]
  0x0000019a04dc32c0 JavaThread "JDWP Transport Listener: dt_socket" daemon [_thread_blocked, id=8416, stack(0x0000000101900000,0x0000000101a00000)]
  0x0000019a04dc3d80 JavaThread "JDWP Event Helper Thread" daemon [_thread_blocked, id=15196, stack(0x0000000101a00000,0x0000000101b00000)]
  0x0000019a04dc4270 JavaThread "JDWP Command Reader" daemon [_thread_in_native, id=9328, stack(0x0000000101b00000,0x0000000101c00000)]
  0x0000019a051ed880 JavaThread "Notification Thread" daemon [_thread_blocked, id=14784, stack(0x0000000101800000,0x0000000101900000)]
  0x0000019a052b38e0 JavaThread "QuantumRenderer-0" daemon [_thread_blocked, id=13200, stack(0x0000000101d00000,0x0000000101e00000)]
  0x0000019a052aff20 JavaThread "InvokeLaterDispatcher" daemon [_thread_blocked, id=16232, stack(0x0000000102400000,0x0000000102500000)]
  0x0000019a052b1c00 JavaThread "JavaFX Application Thread" [_thread_in_Java, id=8912, stack(0x0000000102500000,0x0000000102600000)]

Other Threads:
  0x00000199c3eb4160 VMThread "VM Thread" [stack: 0x0000000100c00000,0x0000000100d00000] [id=16136]
  0x0000019a050f5670 WatcherThread [stack: 0x0000000101c00000,0x0000000101d00000] [id=1276]
  0x00000199aa095bc0 GCTaskThread "GC Thread#0" [stack: 0x0000000100700000,0x0000000100800000] [id=9036]
  0x0000019a053882a0 GCTaskThread "GC Thread#1" [stack: 0x0000000101e00000,0x0000000101f00000] [id=6344]
  0x0000019a05388550 GCTaskThread "GC Thread#2" [stack: 0x0000000101f00000,0x0000000102000000] [id=5132]
  0x0000019a0539dfa0 GCTaskThread "GC Thread#3" [stack: 0x0000000102000000,0x0000000102100000] [id=16152]
  0x0000019a05250230 GCTaskThread "GC Thread#4" [stack: 0x0000000102100000,0x0000000102200000] [id=13500]
  0x0000019a05250c80 GCTaskThread "GC Thread#5" [stack: 0x0000000102200000,0x0000000102300000] [id=9980]
  0x0000019a05251ee0 GCTaskThread "GC Thread#6" [stack: 0x0000000102300000,0x0000000102400000] [id=1760]
  0x00000199aa0a6ef0 ConcurrentGCThread "G1 Main Marker" [stack: 0x0000000100800000,0x0000000100900000] [id=3920]
  0x00000199aa0a8910 ConcurrentGCThread "G1 Conc#0" [stack: 0x0000000100900000,0x0000000100a00000] [id=9180]
  0x00000199aa123540 ConcurrentGCThread "G1 Refine#0" [stack: 0x0000000100a00000,0x0000000100b00000] [id=13084]
  0x00000199aa123f60 ConcurrentGCThread "G1 Service" [stack: 0x0000000100b00000,0x0000000100c00000] [id=11912]

Threads with active compile tasks:
C2 CompilerThread0      691  942       4       org.eclipse.jdt.launching.internal.org.objectweb.asm.ClassReader::readUtf (161 bytes)
C1 CompilerThread0      691  988   !   3       java.util.zip.Inflater::setInput (69 bytes)
C2 CompilerThread1      691  985       4       java.lang.AbstractStringBuilder::append (45 bytes)

VM state: not at safepoint (normal execution)

VM Mutex/Monitor currently owned by a thread: None

Heap address: 0x0000000082400000, size: 2012 MB, Compressed Oops mode: 32-bit

CDS archive(s) not mapped
Compressed class space mapped at: 0x00000199c4000000-0x0000019a04000000, reserved size: 1073741824
Narrow klass base: 0x00000199c4000000, Narrow klass shift: 0, Narrow klass range: 0x40000000

GC Precious Log:
 CPUs: 8 total, 8 available
 Memory: 8040M
 Large Page Support: Disabled
 NUMA Support: Disabled
 Compressed Oops: Enabled (32-bit)
 Heap Region Size: 1M
 Heap Min Capacity: 8M
 Heap Initial Capacity: 126M
 Heap Max Capacity: 2012M
 Pre-touch: Disabled
 Parallel Workers: 8
 Concurrent Workers: 2
 Concurrent Refinement Workers: 8
 Periodic GC: Disabled

Heap:
 garbage-first heap   total 129024K, used 4437K [0x0000000082400000, 0x0000000100000000)
  region size 1024K, 6 young (6144K), 3 survivors (3072K)
 Metaspace       used 12160K, committed 12352K, reserved 1064960K
  class space    used 1136K, committed 1216K, reserved 1048576K

Heap Regions: E=young(eden), S=young(survivor), O=old, HS=humongous(starts), HC=humongous(continues), CS=collection set, F=free, OA=open archive, CA=closed archive, TAMS=top-at-mark-start (previous, next)
|   0|0x0000000082400000, 0x0000000082400000, 0x0000000082500000|  0%| F|  |TAMS 0x0000000082400000, 0x0000000082400000| Untracked 
|   1|0x0000000082500000, 0x0000000082500000, 0x0000000082600000|  0%| F|  |TAMS 0x0000000082500000, 0x0000000082500000| Untracked 
|   2|0x0000000082600000, 0x0000000082600000, 0x0000000082700000|  0%| F|  |TAMS 0x0000000082600000, 0x0000000082600000| Untracked 
|   3|0x0000000082700000, 0x0000000082700000, 0x0000000082800000|  0%| F|  |TAMS 0x0000000082700000, 0x0000000082700000| Untracked 
|   4|0x0000000082800000, 0x0000000082800000, 0x0000000082900000|  0%| F|  |TAMS 0x0000000082800000, 0x0000000082800000| Untracked 
|   5|0x0000000082900000, 0x0000000082900000, 0x0000000082a00000|  0%| F|  |TAMS 0x0000000082900000, 0x0000000082900000| Untracked 
|   6|0x0000000082a00000, 0x0000000082a00000, 0x0000000082b00000|  0%| F|  |TAMS 0x0000000082a00000, 0x0000000082a00000| Untracked 
|   7|0x0000000082b00000, 0x0000000082b00000, 0x0000000082c00000|  0%| F|  |TAMS 0x0000000082b00000, 0x0000000082b00000| Untracked 
|   8|0x0000000082c00000, 0x0000000082c00000, 0x0000000082d00000|  0%| F|  |TAMS 0x0000000082c00000, 0x0000000082c00000| Untracked 
|   9|0x0000000082d00000, 0x0000000082d00000, 0x0000000082e00000|  0%| F|  |TAMS 0x0000000082d00000, 0x0000000082d00000| Untracked 
|  10|0x0000000082e00000, 0x0000000082e00000, 0x0000000082f00000|  0%| F|  |TAMS 0x0000000082e00000, 0x0000000082e00000| Untracked 
|  11|0x0000000082f00000, 0x0000000082f00000, 0x0000000083000000|  0%| F|  |TAMS 0x0000000082f00000, 0x0000000082f00000| Untracked 
|  12|0x0000000083000000, 0x0000000083000000, 0x0000000083100000|  0%| F|  |TAMS 0x0000000083000000, 0x0000000083000000| Untracked 
|  13|0x0000000083100000, 0x0000000083100000, 0x0000000083200000|  0%| F|  |TAMS 0x0000000083100000, 0x0000000083100000| Untracked 
|  14|0x0000000083200000, 0x0000000083200000, 0x0000000083300000|  0%| F|  |TAMS 0x0000000083200000, 0x0000000083200000| Untracked 
|  15|0x0000000083300000, 0x0000000083300000, 0x0000000083400000|  0%| F|  |TAMS 0x0000000083300000, 0x0000000083300000| Untracked 
|  16|0x0000000083400000, 0x0000000083400000, 0x0000000083500000|  0%| F|  |TAMS 0x0000000083400000, 0x0000000083400000| Untracked 
|  17|0x0000000083500000, 0x0000000083500000, 0x0000000083600000|  0%| F|  |TAMS 0x0000000083500000, 0x0000000083500000| Untracked 
|  18|0x0000000083600000, 0x0000000083600000, 0x0000000083700000|  0%| F|  |TAMS 0x0000000083600000, 0x0000000083600000| Untracked 
|  19|0x0000000083700000, 0x0000000083700000, 0x0000000083800000|  0%| F|  |TAMS 0x0000000083700000, 0x0000000083700000| Untracked 
|  20|0x0000000083800000, 0x0000000083800000, 0x0000000083900000|  0%| F|  |TAMS 0x0000000083800000, 0x0000000083800000| Untracked 
|  21|0x0000000083900000, 0x0000000083900000, 0x0000000083a00000|  0%| F|  |TAMS 0x0000000083900000, 0x0000000083900000| Untracked 
|  22|0x0000000083a00000, 0x0000000083a00000, 0x0000000083b00000|  0%| F|  |TAMS 0x0000000083a00000, 0x0000000083a00000| Untracked 
|  23|0x0000000083b00000, 0x0000000083b00000, 0x0000000083c00000|  0%| F|  |TAMS 0x0000000083b00000, 0x0000000083b00000| Untracked 
|  24|0x0000000083c00000, 0x0000000083c00000, 0x0000000083d00000|  0%| F|  |TAMS 0x0000000083c00000, 0x0000000083c00000| Untracked 
|  25|0x0000000083d00000, 0x0000000083d00000, 0x0000000083e00000|  0%| F|  |TAMS 0x0000000083d00000, 0x0000000083d00000| Untracked 
|  26|0x0000000083e00000, 0x0000000083e00000, 0x0000000083f00000|  0%| F|  |TAMS 0x0000000083e00000, 0x0000000083e00000| Untracked 
|  27|0x0000000083f00000, 0x0000000083f00000, 0x0000000084000000|  0%| F|  |TAMS 0x0000000083f00000, 0x0000000083f00000| Untracked 
|  28|0x0000000084000000, 0x0000000084000000, 0x0000000084100000|  0%| F|  |TAMS 0x0000000084000000, 0x0000000084000000| Untracked 
|  29|0x0000000084100000, 0x0000000084100000, 0x0000000084200000|  0%| F|  |TAMS 0x0000000084100000, 0x0000000084100000| Untracked 
|  30|0x0000000084200000, 0x0000000084200000, 0x0000000084300000|  0%| F|  |TAMS 0x0000000084200000, 0x0000000084200000| Untracked 
|  31|0x0000000084300000, 0x0000000084300000, 0x0000000084400000|  0%| F|  |TAMS 0x0000000084300000, 0x0000000084300000| Untracked 
|  32|0x0000000084400000, 0x0000000084400000, 0x0000000084500000|  0%| F|  |TAMS 0x0000000084400000, 0x0000000084400000| Untracked 
|  33|0x0000000084500000, 0x0000000084500000, 0x0000000084600000|  0%| F|  |TAMS 0x0000000084500000, 0x0000000084500000| Untracked 
|  34|0x0000000084600000, 0x0000000084600000, 0x0000000084700000|  0%| F|  |TAMS 0x0000000084600000, 0x0000000084600000| Untracked 
|  35|0x0000000084700000, 0x0000000084700000, 0x0000000084800000|  0%| F|  |TAMS 0x0000000084700000, 0x0000000084700000| Untracked 
|  36|0x0000000084800000, 0x0000000084800000, 0x0000000084900000|  0%| F|  |TAMS 0x0000000084800000, 0x0000000084800000| Untracked 
|  37|0x0000000084900000, 0x0000000084900000, 0x0000000084a00000|  0%| F|  |TAMS 0x0000000084900000, 0x0000000084900000| Untracked 
|  38|0x0000000084a00000, 0x0000000084a00000, 0x0000000084b00000|  0%| F|  |TAMS 0x0000000084a00000, 0x0000000084a00000| Untracked 
|  39|0x0000000084b00000, 0x0000000084b00000, 0x0000000084c00000|  0%| F|  |TAMS 0x0000000084b00000, 0x0000000084b00000| Untracked 
|  40|0x0000000084c00000, 0x0000000084c00000, 0x0000000084d00000|  0%| F|  |TAMS 0x0000000084c00000, 0x0000000084c00000| Untracked 
|  41|0x0000000084d00000, 0x0000000084d00000, 0x0000000084e00000|  0%| F|  |TAMS 0x0000000084d00000, 0x0000000084d00000| Untracked 
|  42|0x0000000084e00000, 0x0000000084e00000, 0x0000000084f00000|  0%| F|  |TAMS 0x0000000084e00000, 0x0000000084e00000| Untracked 
|  43|0x0000000084f00000, 0x0000000084f00000, 0x0000000085000000|  0%| F|  |TAMS 0x0000000084f00000, 0x0000000084f00000| Untracked 
|  44|0x0000000085000000, 0x0000000085000000, 0x0000000085100000|  0%| F|  |TAMS 0x0000000085000000, 0x0000000085000000| Untracked 
|  45|0x0000000085100000, 0x0000000085100000, 0x0000000085200000|  0%| F|  |TAMS 0x0000000085100000, 0x0000000085100000| Untracked 
|  46|0x0000000085200000, 0x0000000085200000, 0x0000000085300000|  0%| F|  |TAMS 0x0000000085200000, 0x0000000085200000| Untracked 
|  47|0x0000000085300000, 0x0000000085300000, 0x0000000085400000|  0%| F|  |TAMS 0x0000000085300000, 0x0000000085300000| Untracked 
|  48|0x0000000085400000, 0x0000000085400000, 0x0000000085500000|  0%| F|  |TAMS 0x0000000085400000, 0x0000000085400000| Untracked 
|  49|0x0000000085500000, 0x0000000085500000, 0x0000000085600000|  0%| F|  |TAMS 0x0000000085500000, 0x0000000085500000| Untracked 
|  50|0x0000000085600000, 0x0000000085600000, 0x0000000085700000|  0%| F|  |TAMS 0x0000000085600000, 0x0000000085600000| Untracked 
|  51|0x0000000085700000, 0x0000000085700000, 0x0000000085800000|  0%| F|  |TAMS 0x0000000085700000, 0x0000000085700000| Untracked 
|  52|0x0000000085800000, 0x0000000085800000, 0x0000000085900000|  0%| F|  |TAMS 0x0000000085800000, 0x0000000085800000| Untracked 
|  53|0x0000000085900000, 0x0000000085900000, 0x0000000085a00000|  0%| F|  |TAMS 0x0000000085900000, 0x0000000085900000| Untracked 
|  54|0x0000000085a00000, 0x0000000085a00000, 0x0000000085b00000|  0%| F|  |TAMS 0x0000000085a00000, 0x0000000085a00000| Untracked 
|  55|0x0000000085b00000, 0x0000000085b00000, 0x0000000085c00000|  0%| F|  |TAMS 0x0000000085b00000, 0x0000000085b00000| Untracked 
|  56|0x0000000085c00000, 0x0000000085c00000, 0x0000000085d00000|  0%| F|  |TAMS 0x0000000085c00000, 0x0000000085c00000| Untracked 
|  57|0x0000000085d00000, 0x0000000085d00000, 0x0000000085e00000|  0%| F|  |TAMS 0x0000000085d00000, 0x0000000085d00000| Untracked 
|  58|0x0000000085e00000, 0x0000000085e00000, 0x0000000085f00000|  0%| F|  |TAMS 0x0000000085e00000, 0x0000000085e00000| Untracked 
|  59|0x0000000085f00000, 0x0000000085f00000, 0x0000000086000000|  0%| F|  |TAMS 0x0000000085f00000, 0x0000000085f00000| Untracked 
|  60|0x0000000086000000, 0x0000000086000000, 0x0000000086100000|  0%| F|  |TAMS 0x0000000086000000, 0x0000000086000000| Untracked 
|  61|0x0000000086100000, 0x0000000086100000, 0x0000000086200000|  0%| F|  |TAMS 0x0000000086100000, 0x0000000086100000| Untracked 
|  62|0x0000000086200000, 0x0000000086200000, 0x0000000086300000|  0%| F|  |TAMS 0x0000000086200000, 0x0000000086200000| Untracked 
|  63|0x0000000086300000, 0x0000000086300000, 0x0000000086400000|  0%| F|  |TAMS 0x0000000086300000, 0x0000000086300000| Untracked 
|  64|0x0000000086400000, 0x0000000086400000, 0x0000000086500000|  0%| F|  |TAMS 0x0000000086400000, 0x0000000086400000| Untracked 
|  65|0x0000000086500000, 0x0000000086500000, 0x0000000086600000|  0%| F|  |TAMS 0x0000000086500000, 0x0000000086500000| Untracked 
|  66|0x0000000086600000, 0x0000000086600000, 0x0000000086700000|  0%| F|  |TAMS 0x0000000086600000, 0x0000000086600000| Untracked 
|  67|0x0000000086700000, 0x0000000086700000, 0x0000000086800000|  0%| F|  |TAMS 0x0000000086700000, 0x0000000086700000| Untracked 
|  68|0x0000000086800000, 0x0000000086800000, 0x0000000086900000|  0%| F|  |TAMS 0x0000000086800000, 0x0000000086800000| Untracked 
|  69|0x0000000086900000, 0x0000000086900000, 0x0000000086a00000|  0%| F|  |TAMS 0x0000000086900000, 0x0000000086900000| Untracked 
|  70|0x0000000086a00000, 0x0000000086a00000, 0x0000000086b00000|  0%| F|  |TAMS 0x0000000086a00000, 0x0000000086a00000| Untracked 
|  71|0x0000000086b00000, 0x0000000086b00000, 0x0000000086c00000|  0%| F|  |TAMS 0x0000000086b00000, 0x0000000086b00000| Untracked 
|  72|0x0000000086c00000, 0x0000000086c00000, 0x0000000086d00000|  0%| F|  |TAMS 0x0000000086c00000, 0x0000000086c00000| Untracked 
|  73|0x0000000086d00000, 0x0000000086d00000, 0x0000000086e00000|  0%| F|  |TAMS 0x0000000086d00000, 0x0000000086d00000| Untracked 
|  74|0x0000000086e00000, 0x0000000086e00000, 0x0000000086f00000|  0%| F|  |TAMS 0x0000000086e00000, 0x0000000086e00000| Untracked 
|  75|0x0000000086f00000, 0x0000000086f00000, 0x0000000087000000|  0%| F|  |TAMS 0x0000000086f00000, 0x0000000086f00000| Untracked 
|  76|0x0000000087000000, 0x0000000087000000, 0x0000000087100000|  0%| F|  |TAMS 0x0000000087000000, 0x0000000087000000| Untracked 
|  77|0x0000000087100000, 0x0000000087100000, 0x0000000087200000|  0%| F|  |TAMS 0x0000000087100000, 0x0000000087100000| Untracked 
|  78|0x0000000087200000, 0x0000000087200000, 0x0000000087300000|  0%| F|  |TAMS 0x0000000087200000, 0x0000000087200000| Untracked 
|  79|0x0000000087300000, 0x0000000087300000, 0x0000000087400000|  0%| F|  |TAMS 0x0000000087300000, 0x0000000087300000| Untracked 
|  80|0x0000000087400000, 0x0000000087400000, 0x0000000087500000|  0%| F|  |TAMS 0x0000000087400000, 0x0000000087400000| Untracked 
|  81|0x0000000087500000, 0x0000000087500000, 0x0000000087600000|  0%| F|  |TAMS 0x0000000087500000, 0x0000000087500000| Untracked 
|  82|0x0000000087600000, 0x0000000087600000, 0x0000000087700000|  0%| F|  |TAMS 0x0000000087600000, 0x0000000087600000| Untracked 
|  83|0x0000000087700000, 0x0000000087700000, 0x0000000087800000|  0%| F|  |TAMS 0x0000000087700000, 0x0000000087700000| Untracked 
|  84|0x0000000087800000, 0x0000000087800000, 0x0000000087900000|  0%| F|  |TAMS 0x0000000087800000, 0x0000000087800000| Untracked 
|  85|0x0000000087900000, 0x0000000087900000, 0x0000000087a00000|  0%| F|  |TAMS 0x0000000087900000, 0x0000000087900000| Untracked 
|  86|0x0000000087a00000, 0x0000000087a00000, 0x0000000087b00000|  0%| F|  |TAMS 0x0000000087a00000, 0x0000000087a00000| Untracked 
|  87|0x0000000087b00000, 0x0000000087b00000, 0x0000000087c00000|  0%| F|  |TAMS 0x0000000087b00000, 0x0000000087b00000| Untracked 
|  88|0x0000000087c00000, 0x0000000087c00000, 0x0000000087d00000|  0%| F|  |TAMS 0x0000000087c00000, 0x0000000087c00000| Untracked 
|  89|0x0000000087d00000, 0x0000000087d00000, 0x0000000087e00000|  0%| F|  |TAMS 0x0000000087d00000, 0x0000000087d00000| Untracked 
|  90|0x0000000087e00000, 0x0000000087e00000, 0x0000000087f00000|  0%| F|  |TAMS 0x0000000087e00000, 0x0000000087e00000| Untracked 
|  91|0x0000000087f00000, 0x0000000087f00000, 0x0000000088000000|  0%| F|  |TAMS 0x0000000087f00000, 0x0000000087f00000| Untracked 
|  92|0x0000000088000000, 0x0000000088000000, 0x0000000088100000|  0%| F|  |TAMS 0x0000000088000000, 0x0000000088000000| Untracked 
|  93|0x0000000088100000, 0x0000000088100000, 0x0000000088200000|  0%| F|  |TAMS 0x0000000088100000, 0x0000000088100000| Untracked 
|  94|0x0000000088200000, 0x0000000088200000, 0x0000000088300000|  0%| F|  |TAMS 0x0000000088200000, 0x0000000088200000| Untracked 
|  95|0x0000000088300000, 0x0000000088300000, 0x0000000088400000|  0%| F|  |TAMS 0x0000000088300000, 0x0000000088300000| Untracked 
|  96|0x0000000088400000, 0x0000000088400000, 0x0000000088500000|  0%| F|  |TAMS 0x0000000088400000, 0x0000000088400000| Untracked 
|  97|0x0000000088500000, 0x0000000088500000, 0x0000000088600000|  0%| F|  |TAMS 0x0000000088500000, 0x0000000088500000| Untracked 
|  98|0x0000000088600000, 0x0000000088600000, 0x0000000088700000|  0%| F|  |TAMS 0x0000000088600000, 0x0000000088600000| Untracked 
|  99|0x0000000088700000, 0x0000000088700000, 0x0000000088800000|  0%| F|  |TAMS 0x0000000088700000, 0x0000000088700000| Untracked 
| 100|0x0000000088800000, 0x0000000088855540, 0x0000000088900000| 33%| S|CS|TAMS 0x0000000088800000, 0x0000000088800000| Complete 
| 101|0x0000000088900000, 0x0000000088a00000, 0x0000000088a00000|100%| S|CS|TAMS 0x0000000088900000, 0x0000000088900000| Complete 
| 102|0x0000000088a00000, 0x0000000088b00000, 0x0000000088b00000|100%| S|CS|TAMS 0x0000000088a00000, 0x0000000088a00000| Complete 
| 103|0x0000000088b00000, 0x0000000088b00000, 0x0000000088c00000|  0%| F|  |TAMS 0x0000000088b00000, 0x0000000088b00000| Untracked 
| 104|0x0000000088c00000, 0x0000000088c00000, 0x0000000088d00000|  0%| F|  |TAMS 0x0000000088c00000, 0x0000000088c00000| Untracked 
| 105|0x0000000088d00000, 0x0000000088d00000, 0x0000000088e00000|  0%| F|  |TAMS 0x0000000088d00000, 0x0000000088d00000| Untracked 
| 106|0x0000000088e00000, 0x0000000088e00000, 0x0000000088f00000|  0%| F|  |TAMS 0x0000000088e00000, 0x0000000088e00000| Untracked 
| 107|0x0000000088f00000, 0x0000000088f00000, 0x0000000089000000|  0%| F|  |TAMS 0x0000000088f00000, 0x0000000088f00000| Untracked 
| 108|0x0000000089000000, 0x0000000089000000, 0x0000000089100000|  0%| F|  |TAMS 0x0000000089000000, 0x0000000089000000| Untracked 
| 109|0x0000000089100000, 0x0000000089100000, 0x0000000089200000|  0%| F|  |TAMS 0x0000000089100000, 0x0000000089100000| Untracked 
| 110|0x0000000089200000, 0x0000000089200000, 0x0000000089300000|  0%| F|  |TAMS 0x0000000089200000, 0x0000000089200000| Untracked 
| 111|0x0000000089300000, 0x0000000089300000, 0x0000000089400000|  0%| F|  |TAMS 0x0000000089300000, 0x0000000089300000| Untracked 
| 112|0x0000000089400000, 0x0000000089400000, 0x0000000089500000|  0%| F|  |TAMS 0x0000000089400000, 0x0000000089400000| Untracked 
| 113|0x0000000089500000, 0x0000000089500000, 0x0000000089600000|  0%| F|  |TAMS 0x0000000089500000, 0x0000000089500000| Untracked 
| 114|0x0000000089600000, 0x0000000089600000, 0x0000000089700000|  0%| F|  |TAMS 0x0000000089600000, 0x0000000089600000| Untracked 
| 115|0x0000000089700000, 0x0000000089700000, 0x0000000089800000|  0%| F|  |TAMS 0x0000000089700000, 0x0000000089700000| Untracked 
| 116|0x0000000089800000, 0x0000000089800000, 0x0000000089900000|  0%| F|  |TAMS 0x0000000089800000, 0x0000000089800000| Untracked 
| 117|0x0000000089900000, 0x0000000089900000, 0x0000000089a00000|  0%| F|  |TAMS 0x0000000089900000, 0x0000000089900000| Untracked 
| 118|0x0000000089a00000, 0x0000000089a00000, 0x0000000089b00000|  0%| F|  |TAMS 0x0000000089a00000, 0x0000000089a00000| Untracked 
| 119|0x0000000089b00000, 0x0000000089b00000, 0x0000000089c00000|  0%| F|  |TAMS 0x0000000089b00000, 0x0000000089b00000| Untracked 
| 120|0x0000000089c00000, 0x0000000089c00000, 0x0000000089d00000|  0%| F|  |TAMS 0x0000000089c00000, 0x0000000089c00000| Untracked 
| 121|0x0000000089d00000, 0x0000000089d00000, 0x0000000089e00000|  0%| F|  |TAMS 0x0000000089d00000, 0x0000000089d00000| Untracked 
| 122|0x0000000089e00000, 0x0000000089e72778, 0x0000000089f00000| 44%| E|  |TAMS 0x0000000089e00000, 0x0000000089e00000| Complete 
| 123|0x0000000089f00000, 0x000000008a000000, 0x000000008a000000|100%| E|CS|TAMS 0x0000000089f00000, 0x0000000089f00000| Complete 
| 124|0x000000008a000000, 0x000000008a100000, 0x000000008a100000|100%| E|CS|TAMS 0x000000008a000000, 0x000000008a000000| Complete 
| 125|0x000000008a100000, 0x000000008a200000, 0x000000008a200000|100%| E|CS|TAMS 0x000000008a100000, 0x000000008a100000| Complete 

Card table byte_map: [0x00000199bce20000,0x00000199bd210000] _byte_map_base: 0x00000199bca0e000

Marking Bits (Prev, Next): (CMBitMap*) 0x00000199aa0961d0, (CMBitMap*) 0x00000199aa096210
 Prev Bits: [0x00000199bd600000, 0x00000199bf570000)
 Next Bits: [0x00000199bf570000, 0x00000199c14e0000)

Polling page: 0x00000199a9830000

Metaspace:

Usage:
  Non-class:     10.81 MB used.
      Class:      1.12 MB used.
       Both:     11.93 MB used.

Virtual space:
  Non-class space:       16.00 MB reserved,      10.94 MB ( 68%) committed,  2 nodes.
      Class space:        1.00 GB reserved,       1.19 MB ( <1%) committed,  1 nodes.
             Both:        1.02 GB reserved,      12.12 MB (  1%) committed. 

Chunk freelists:
   Non-Class:  416.00 KB
       Class:  2.64 MB
        Both:  3.05 MB

MaxMetaspaceSize: unlimited
CompressedClassSpaceSize: 1.00 GB
Initial GC threshold: 21.00 MB
Current GC threshold: 21.00 MB
CDS: off
MetaspaceReclaimPolicy: balanced
 - commit_granule_bytes: 65536.
 - commit_granule_words: 8192.
 - virtual_space_node_default_size: 1048576.
 - enlarge_chunks_in_place: 1.
 - new_chunks_are_fully_committed: 0.
 - uncommit_free_chunks: 1.
 - use_allocation_guard: 0.
 - handle_deallocations: 1.


Internal statistics:

num_allocs_failed_limit: 0.
num_arena_births: 84.
num_arena_deaths: 0.
num_vsnodes_births: 3.
num_vsnodes_deaths: 0.
num_space_committed: 194.
num_space_uncommitted: 0.
num_chunks_returned_to_freelist: 0.
num_chunks_taken_from_freelist: 204.
num_chunk_merges: 0.
num_chunk_splits: 122.
num_chunks_enlarged: 81.
num_purges: 0.
num_inconsistent_stats: 0.

CodeHeap 'non-profiled nmethods': size=120000Kb used=401Kb max_used=401Kb free=119598Kb
 bounds [0x00000199b51d0000, 0x00000199b5440000, 0x00000199bc700000]
CodeHeap 'profiled nmethods': size=120000Kb used=1688Kb max_used=1688Kb free=118311Kb
 bounds [0x00000199adca0000, 0x00000199adf10000, 0x00000199b51d0000]
CodeHeap 'non-nmethods': size=5760Kb used=1241Kb max_used=1250Kb free=4518Kb
 bounds [0x00000199ad700000, 0x00000199ad970000, 0x00000199adca0000]
 total_blobs=1457 nmethods=995 adapters=374
 compilation: enabled
              stopped_count=0, restarted_count=0
 full_count=0

Compilation events (20 events):
Event: 0.655 Thread 0x0000019a04934020  935       3       sun.instrument.InstrumentationImpl::transform (73 bytes)
Event: 0.655 Thread 0x0000019a04934020 nmethod 935 0x00000199ade27e90 code [0x00000199ade28060, 0x00000199ade28468]
Event: 0.655 Thread 0x0000019a04934020  938       3       org.eclipse.jdt.launching.internal.org.objectweb.asm.SymbolTable::hash (7 bytes)
Event: 0.656 Thread 0x0000019a04934020 nmethod 938 0x00000199ade28610 code [0x00000199ade287a0, 0x00000199ade28898]
Event: 0.656 Thread 0x0000019a04934020  937       3       java.util.jar.JarFile::maybeInstantiateVerifier (42 bytes)
Event: 0.656 Thread 0x0000019a04934020 nmethod 937 0x00000199ade28910 code [0x00000199ade28ae0, 0x00000199ade28e58]
Event: 0.656 Thread 0x0000019a04934020  939       3       java.util.zip.ZipFile$Source::getEntryNext (9 bytes)
Event: 0.656 Thread 0x0000019a04934020 nmethod 939 0x00000199ade28f90 code [0x00000199ade29120, 0x00000199ade29258]
Event: 0.657 Thread 0x00000199c3f5d300  940       4       org.eclipse.jdt.launching.internal.org.objectweb.asm.SymbolTable::get (13 bytes)
Event: 0.657 Thread 0x0000019a04afbcd0  941       4       java.lang.String::replace (42 bytes)
Event: 0.657 Thread 0x00000199c3f5d300 nmethod 940 0x00000199b5231090 code [0x00000199b5231200, 0x00000199b52312f8]
Event: 0.657 Thread 0x00000199c3f5d300  942       4       org.eclipse.jdt.launching.internal.org.objectweb.asm.ClassReader::readUtf (161 bytes)
Event: 0.658 Thread 0x0000019a04934020  943       3       org.eclipse.jdt.launching.internal.org.objectweb.asm.SymbolTable::addConstantIntegerOrFloat (21 bytes)
Event: 0.658 Thread 0x0000019a04934020 nmethod 943 0x00000199ade29310 code [0x00000199ade294c0, 0x00000199ade29758]
Event: 0.661 Thread 0x0000019a04934020  944       3       java.util.TreeMap::parentOf (13 bytes)
Event: 0.661 Thread 0x0000019a04934020 nmethod 944 0x00000199ade29890 code [0x00000199ade29a20, 0x00000199ade29b98]
Event: 0.661 Thread 0x0000019a04934020  946       3       java.lang.Character::toUpperCase (9 bytes)
Event: 0.661 Thread 0x0000019a04934020 nmethod 946 0x00000199ade29c90 code [0x00000199ade29e40, 0x00000199ade2a038]
Event: 0.661 Thread 0x0000019a04934020  945       3       java.lang.Character::toUpperCase (6 bytes)
Event: 0.661 Thread 0x0000019a04934020 nmethod 945 0x00000199ade2a110 code [0x00000199ade2a2c0, 0x00000199ade2a518]

GC Heap History (2 events):
Event: 0.650 GC heap before
{Heap before GC invocations=0 (full 0):
 garbage-first heap   total 129024K, used 22528K [0x0000000082400000, 0x0000000100000000)
  region size 1024K, 23 young (23552K), 0 survivors (0K)
 Metaspace       used 11729K, committed 11904K, reserved 1064960K
  class space    used 1087K, committed 1152K, reserved 1048576K
}
Event: 0.655 GC heap after
{Heap after GC invocations=1 (full 0):
 garbage-first heap   total 129024K, used 2389K [0x0000000082400000, 0x0000000100000000)
  region size 1024K, 3 young (3072K), 3 survivors (3072K)
 Metaspace       used 11729K, committed 11904K, reserved 1064960K
  class space    used 1087K, committed 1152K, reserved 1048576K
}

Deoptimization events (20 events):
Event: 0.613 Thread 0x00000199aa05aed0 Uncommon trap: trap_request=0xffffff45 fr.pc=0x00000199b51de2bc relative=0x000000000000023c
Event: 0.613 Thread 0x00000199aa05aed0 Uncommon trap: reason=unstable_if action=reinterpret pc=0x00000199b51de2bc method=java.lang.String.isLatin1()Z @ 10 c2
Event: 0.613 Thread 0x00000199aa05aed0 DEOPT PACKING pc=0x00000199b51de2bc sp=0x00000001006f7f10
Event: 0.613 Thread 0x00000199aa05aed0 DEOPT UNPACKING pc=0x00000199ad7523a3 sp=0x00000001006f7e40 mode 2
Event: 0.660 Thread 0x00000199aa05aed0 Uncommon trap: trap_request=0xffffffc6 fr.pc=0x00000199b520e544 relative=0x00000000000019a4
Event: 0.660 Thread 0x00000199aa05aed0 Uncommon trap: reason=bimorphic_or_optimized_type_check action=maybe_recompile pc=0x00000199b520e544 method=java.util.HashMap.putVal(ILjava/lang/Object;Ljava/lang/Object;ZZ)Ljava/lang/Object; @ 56 c2
Event: 0.660 Thread 0x00000199aa05aed0 DEOPT PACKING pc=0x00000199b520e544 sp=0x00000001006fcf10
Event: 0.660 Thread 0x00000199aa05aed0 DEOPT UNPACKING pc=0x00000199ad7523a3 sp=0x00000001006fcea8 mode 2
Event: 0.660 Thread 0x00000199aa05aed0 Uncommon trap: trap_request=0xffffffc6 fr.pc=0x00000199b520e544 relative=0x00000000000019a4
Event: 0.660 Thread 0x00000199aa05aed0 Uncommon trap: reason=bimorphic_or_optimized_type_check action=maybe_recompile pc=0x00000199b520e544 method=java.util.HashMap.putVal(ILjava/lang/Object;Ljava/lang/Object;ZZ)Ljava/lang/Object; @ 56 c2
Event: 0.660 Thread 0x00000199aa05aed0 DEOPT PACKING pc=0x00000199b520e544 sp=0x00000001006fcf10
Event: 0.660 Thread 0x00000199aa05aed0 DEOPT UNPACKING pc=0x00000199ad7523a3 sp=0x00000001006fcea8 mode 2
Event: 0.660 Thread 0x00000199aa05aed0 Uncommon trap: trap_request=0xffffffc6 fr.pc=0x00000199b520e544 relative=0x00000000000019a4
Event: 0.660 Thread 0x00000199aa05aed0 Uncommon trap: reason=bimorphic_or_optimized_type_check action=maybe_recompile pc=0x00000199b520e544 method=java.util.HashMap.putVal(ILjava/lang/Object;Ljava/lang/Object;ZZ)Ljava/lang/Object; @ 56 c2
Event: 0.660 Thread 0x00000199aa05aed0 DEOPT PACKING pc=0x00000199b520e544 sp=0x00000001006fcf10
Event: 0.660 Thread 0x00000199aa05aed0 DEOPT UNPACKING pc=0x00000199ad7523a3 sp=0x00000001006fcea8 mode 2
Event: 0.660 Thread 0x00000199aa05aed0 Uncommon trap: trap_request=0xffffffc6 fr.pc=0x00000199b520e544 relative=0x00000000000019a4
Event: 0.660 Thread 0x00000199aa05aed0 Uncommon trap: reason=bimorphic_or_optimized_type_check action=maybe_recompile pc=0x00000199b520e544 method=java.util.HashMap.putVal(ILjava/lang/Object;Ljava/lang/Object;ZZ)Ljava/lang/Object; @ 56 c2
Event: 0.660 Thread 0x00000199aa05aed0 DEOPT PACKING pc=0x00000199b520e544 sp=0x00000001006fcf10
Event: 0.660 Thread 0x00000199aa05aed0 DEOPT UNPACKING pc=0x00000199ad7523a3 sp=0x00000001006fcea8 mode 2

Classes unloaded (0 events):
No events

Classes redefined (0 events):
No events

Internal exceptions (9 events):
Event: 0.204 Thread 0x00000199aa05aed0 Exception <a 'java/lang/NoSuchMethodError'{0x0000000089a8dc38}: 'void java.lang.invoke.DirectMethodHandle$Holder.invokeSpecial(java.lang.Object, java.lang.Object, java.lang.Object)'> (0x0000000089a8dc38) 
thrown [e:\jenkins\tmp\workspace\build\src\src\hotspot\share\interpreter\linkResolver.cpp, line 766]
Event: 0.207 Thread 0x00000199aa05aed0 Exception <a 'java/lang/NoSuchMethodError'{0x0000000089a9dc58}: 'void java.lang.invoke.DirectMethodHandle$Holder.invokeSpecial(java.lang.Object, java.lang.Object, java.lang.Object, java.lang.Object, java.lang.Object)'> (0x0000000089a9dc58) 
thrown [e:\jenkins\tmp\workspace\build\src\src\hotspot\share\interpreter\linkResolver.cpp, line 766]
Event: 0.210 Thread 0x00000199aa05aed0 Exception <a 'java/lang/NoSuchMethodError'{0x0000000089aae098}: 'java.lang.Object java.lang.invoke.DirectMethodHandle$Holder.invokeInterface(java.lang.Object, java.lang.Object)'> (0x0000000089aae098) 
thrown [e:\jenkins\tmp\workspace\build\src\src\hotspot\share\interpreter\linkResolver.cpp, line 766]
Event: 0.211 Thread 0x00000199aa05aed0 Exception <a 'java/lang/IncompatibleClassChangeError'{0x0000000089ab15e8}: Found class java.lang.Object, but interface was expected> (0x0000000089ab15e8) 
thrown [e:\jenkins\tmp\workspace\build\src\src\hotspot\share\interpreter\linkResolver.cpp, line 833]
Event: 0.211 Thread 0x00000199aa05aed0 Exception <a 'java/lang/NoSuchMethodError'{0x0000000089ab43b0}: 'void java.lang.invoke.DirectMethodHandle$Holder.invokeStatic(java.lang.Object, java.lang.Object, java.lang.Object, java.lang.Object)'> (0x0000000089ab43b0) 
thrown [e:\jenkins\tmp\workspace\build\src\src\hotspot\share\interpreter\linkResolver.cpp, line 766]
Event: 0.506 Thread 0x00000199aa05aed0 Exception <a 'java/lang/NoSuchMethodError'{0x00000000895c3ba8}: 'java.lang.Object java.lang.invoke.DirectMethodHandle$Holder.invokeStaticInit(java.lang.Object)'> (0x00000000895c3ba8) 
thrown [e:\jenkins\tmp\workspace\build\src\src\hotspot\share\interpreter\linkResolver.cpp, line 766]
Event: 0.508 Thread 0x00000199aa05aed0 Exception <a 'java/lang/NoSuchMethodError'{0x00000000895cfbb0}: 'void java.lang.invoke.DirectMethodHandle$Holder.invokeStatic(java.lang.Object, java.lang.Object)'> (0x00000000895cfbb0) 
thrown [e:\jenkins\tmp\workspace\build\src\src\hotspot\share\interpreter\linkResolver.cpp, line 766]
Event: 0.622 Thread 0x00000199aa05aed0 Exception <a 'java/lang/NoSuchMethodError'{0x0000000088d8b900}: 'void java.lang.invoke.DirectMethodHandle$Holder.invokeStatic(java.lang.Object, java.lang.Object, java.lang.Object)'> (0x0000000088d8b900) 
thrown [e:\jenkins\tmp\workspace\build\src\src\hotspot\share\interpreter\linkResolver.cpp, line 766]
Event: 0.645 Thread 0x00000199aa05aed0 Exception <a 'java/lang/NoSuchMethodError'{0x0000000088ddb290}: 'int java.lang.invoke.DirectMethodHandle$Holder.invokeStaticInit(java.lang.Object, java.lang.Object, java.lang.Object)'> (0x0000000088ddb290) 
thrown [e:\jenkins\tmp\workspace\build\src\src\hotspot\share\interpreter\linkResolver.cpp, line 766]

VM Operations (10 events):
Event: 0.208 Executing VM operation: HandshakeAllThreads
Event: 0.208 Executing VM operation: HandshakeAllThreads done
Event: 0.261 Executing VM operation: ChangeBreakpoints
Event: 0.262 Executing VM operation: ChangeBreakpoints done
Event: 0.329 Executing VM operation: ChangeBreakpoints
Event: 0.329 Executing VM operation: ChangeBreakpoints done
Event: 0.650 Executing VM operation: G1CollectForAllocation
Event: 0.655 Executing VM operation: G1CollectForAllocation done
Event: 0.660 Executing VM operation: HandshakeAllThreads
Event: 0.660 Executing VM operation: HandshakeAllThreads done

Events (20 events):
Event: 0.646 loading class java/lang/ApplicationShutdownHooks done
Event: 0.646 loading class java/lang/ApplicationShutdownHooks$1
Event: 0.646 loading class java/lang/ApplicationShutdownHooks$1 done
Event: 0.646 loading class java/lang/Shutdown
Event: 0.646 loading class java/lang/Shutdown done
Event: 0.646 loading class java/lang/Shutdown$Lock
Event: 0.646 loading class java/lang/Shutdown$Lock done
Event: 0.660 loading class java/lang/ProcessEnvironment
Event: 0.660 loading class java/lang/ProcessEnvironment done
Event: 0.660 loading class java/lang/ProcessEnvironment$NameComparator
Event: 0.660 loading class java/lang/ProcessEnvironment$NameComparator done
Event: 0.660 loading class java/lang/ProcessEnvironment$EntryComparator
Event: 0.660 loading class java/lang/ProcessEnvironment$EntryComparator done
Event: 0.660 loading class java/lang/ProcessEnvironment$CheckedEntrySet
Event: 0.660 loading class java/lang/ProcessEnvironment$CheckedEntrySet done
Event: 0.660 loading class java/lang/ProcessEnvironment$CheckedEntrySet$1
Event: 0.660 loading class java/lang/ProcessEnvironment$CheckedEntrySet$1 done
Event: 0.661 loading class java/lang/ProcessEnvironment$CheckedEntry
Event: 0.661 loading class java/lang/ProcessEnvironment$CheckedEntry done
Event: 0.662 Loaded shared library C:\Program Files (x86)\Oracle\javafx-sdk-17.0.1\bin\glass.dll


Dynamic libraries:
0x00007ff73a1c0000 - 0x00007ff73a1ce000 	C:\Users\Noname\.p2\pool\plugins\org.eclipse.justj.openjdk.hotspot.jre.full.win32.x86_64_17.0.1.v20211116-1657\jre\bin\javaw.exe
0x00007ff8952d0000 - 0x00007ff8954c5000 	C:\Windows\SYSTEM32\ntdll.dll
0x00007ff86bc50000 - 0x00007ff86bc66000 	C:\Program Files\Avast Software\Avast\aswhook.dll
0x00007ff893490000 - 0x00007ff89354d000 	C:\Windows\System32\KERNEL32.DLL
0x00007ff892b50000 - 0x00007ff892e18000 	C:\Windows\System32\KERNELBASE.dll
0x00007ff892e20000 - 0x00007ff892f20000 	C:\Windows\System32\ucrtbase.dll
0x00007ff882f30000 - 0x00007ff882f48000 	C:\Users\Noname\.p2\pool\plugins\org.eclipse.justj.openjdk.hotspot.jre.full.win32.x86_64_17.0.1.v20211116-1657\jre\bin\jli.dll
0x00007ff87cc70000 - 0x00007ff87cc89000 	C:\Users\Noname\.p2\pool\plugins\org.eclipse.justj.openjdk.hotspot.jre.full.win32.x86_64_17.0.1.v20211116-1657\jre\bin\VCRUNTIME140.dll
0x00007ff894f30000 - 0x00007ff8950d0000 	C:\Windows\System32\USER32.dll
0x00007ff892b20000 - 0x00007ff892b42000 	C:\Windows\System32\win32u.dll
0x00007ff877a10000 - 0x00007ff877caa000 	C:\Windows\WinSxS\amd64_microsoft.windows.common-controls_6595b64144ccf1df_6.0.19041.1052_none_60b8f8fd71f5e8cb\COMCTL32.dll
0x00007ff8935b0000 - 0x00007ff8935da000 	C:\Windows\System32\GDI32.dll
0x00007ff893d20000 - 0x00007ff893dbe000 	C:\Windows\System32\msvcrt.dll
0x00007ff893150000 - 0x00007ff89325b000 	C:\Windows\System32\gdi32full.dll
0x00007ff892f20000 - 0x00007ff892fbd000 	C:\Windows\System32\msvcp_win.dll
0x00007ff894d30000 - 0x00007ff894d60000 	C:\Windows\System32\IMM32.DLL
0x00007ff88f8b0000 - 0x00007ff88f8bc000 	C:\Users\Noname\.p2\pool\plugins\org.eclipse.justj.openjdk.hotspot.jre.full.win32.x86_64_17.0.1.v20211116-1657\jre\bin\vcruntime140_1.dll
0x00007ff865d20000 - 0x00007ff865db1000 	C:\Users\Noname\.p2\pool\plugins\org.eclipse.justj.openjdk.hotspot.jre.full.win32.x86_64_17.0.1.v20211116-1657\jre\bin\msvcp140.dll
0x00007ff834770000 - 0x00007ff8353b6000 	C:\Users\Noname\.p2\pool\plugins\org.eclipse.justj.openjdk.hotspot.jre.full.win32.x86_64_17.0.1.v20211116-1657\jre\bin\server\jvm.dll
0x00007ff893340000 - 0x00007ff8933ec000 	C:\Windows\System32\ADVAPI32.dll
0x00007ff8933f0000 - 0x00007ff89348b000 	C:\Windows\System32\sechost.dll
0x00007ff893ed0000 - 0x00007ff893ffb000 	C:\Windows\System32\RPCRT4.dll
0x00007ff893880000 - 0x00007ff893888000 	C:\Windows\System32\PSAPI.DLL
0x00007ff8879e0000 - 0x00007ff8879e9000 	C:\Windows\SYSTEM32\WSOCK32.dll
0x00007ff88cc90000 - 0x00007ff88cc9a000 	C:\Windows\SYSTEM32\VERSION.dll
0x00007ff8754b0000 - 0x00007ff8754d7000 	C:\Windows\SYSTEM32\WINMM.dll
0x00007ff894ec0000 - 0x00007ff894f2b000 	C:\Windows\System32\WS2_32.dll
0x00007ff8912e0000 - 0x00007ff8912f2000 	C:\Windows\SYSTEM32\kernel.appcore.dll
0x00007ff88f330000 - 0x00007ff88f33a000 	C:\Users\Noname\.p2\pool\plugins\org.eclipse.justj.openjdk.hotspot.jre.full.win32.x86_64_17.0.1.v20211116-1657\jre\bin\jimage.dll
0x00007ff88a270000 - 0x00007ff88a454000 	C:\Windows\SYSTEM32\DBGHELP.DLL
0x00007ff88a120000 - 0x00007ff88a14c000 	C:\Windows\SYSTEM32\dbgcore.DLL
0x00007ff8932b0000 - 0x00007ff893333000 	C:\Windows\System32\bcryptPrimitives.dll
0x00007ff87b800000 - 0x00007ff87b83b000 	C:\Users\Noname\.p2\pool\plugins\org.eclipse.justj.openjdk.hotspot.jre.full.win32.x86_64_17.0.1.v20211116-1657\jre\bin\jdwp.dll
0x00007ff88e8c0000 - 0x00007ff88e8ce000 	C:\Users\Noname\.p2\pool\plugins\org.eclipse.justj.openjdk.hotspot.jre.full.win32.x86_64_17.0.1.v20211116-1657\jre\bin\instrument.dll
0x00007ff8881d0000 - 0x00007ff8881f5000 	C:\Users\Noname\.p2\pool\plugins\org.eclipse.justj.openjdk.hotspot.jre.full.win32.x86_64_17.0.1.v20211116-1657\jre\bin\java.dll
0x00007ff889490000 - 0x00007ff8894a8000 	C:\Users\Noname\.p2\pool\plugins\org.eclipse.justj.openjdk.hotspot.jre.full.win32.x86_64_17.0.1.v20211116-1657\jre\bin\zip.dll
0x00007ff894230000 - 0x00007ff89496f000 	C:\Windows\System32\SHELL32.dll
0x00007ff890b40000 - 0x00007ff8912d0000 	C:\Windows\SYSTEM32\windows.storage.dll
0x00007ff894970000 - 0x00007ff894cc5000 	C:\Windows\System32\combase.dll
0x00007ff892480000 - 0x00007ff8924ac000 	C:\Windows\SYSTEM32\Wldp.dll
0x00007ff893e20000 - 0x00007ff893ece000 	C:\Windows\System32\SHCORE.dll
0x00007ff894cd0000 - 0x00007ff894d25000 	C:\Windows\System32\shlwapi.dll
0x00007ff892950000 - 0x00007ff89296f000 	C:\Windows\SYSTEM32\profapi.dll
0x00007ff883d70000 - 0x00007ff883d89000 	C:\Users\Noname\.p2\pool\plugins\org.eclipse.justj.openjdk.hotspot.jre.full.win32.x86_64_17.0.1.v20211116-1657\jre\bin\net.dll
0x00007ff888d90000 - 0x00007ff888e9b000 	C:\Windows\SYSTEM32\WINHTTP.dll
0x00007ff8921f0000 - 0x00007ff89225a000 	C:\Windows\system32\mswsock.dll
0x00007ff87cc90000 - 0x00007ff87cca5000 	C:\Users\Noname\.p2\pool\plugins\org.eclipse.justj.openjdk.hotspot.jre.full.win32.x86_64_17.0.1.v20211116-1657\jre\bin\nio.dll
0x00007ff88c0f0000 - 0x00007ff88c0fc000 	C:\Users\Noname\.p2\pool\plugins\org.eclipse.justj.openjdk.hotspot.jre.full.win32.x86_64_17.0.1.v20211116-1657\jre\bin\dt_socket.dll
0x00007ff891e70000 - 0x00007ff891eab000 	C:\Windows\SYSTEM32\IPHLPAPI.DLL
0x00007ff891ed0000 - 0x00007ff891f9c000 	C:\Windows\SYSTEM32\DNSAPI.dll
0x00007ff893890000 - 0x00007ff893898000 	C:\Windows\System32\NSI.dll
0x00007ff888aa0000 - 0x00007ff888aaa000 	C:\Windows\System32\rasadhlp.dll
0x00007ff888d10000 - 0x00007ff888d8f000 	C:\Windows\System32\fwpuclnt.dll
0x00007ff892fc0000 - 0x00007ff892fe7000 	C:\Windows\System32\bcrypt.dll
0x00007ff88f310000 - 0x00007ff88f320000 	C:\Users\Noname\.p2\pool\plugins\org.eclipse.justj.openjdk.hotspot.jre.full.win32.x86_64_17.0.1.v20211116-1657\jre\bin\verify.dll
0x00000199c3f60000 - 0x00000199c3f63000 	C:\Program Files (x86)\Oracle\javafx-sdk-17.0.1\bin\api-ms-win-core-console-l1-1-0.dll
0x00000199c3f70000 - 0x00000199c3f73000 	C:\Program Files (x86)\Oracle\javafx-sdk-17.0.1\bin\api-ms-win-core-console-l1-2-0.dll
0x00000199c3f80000 - 0x00000199c3f83000 	C:\Program Files (x86)\Oracle\javafx-sdk-17.0.1\bin\api-ms-win-core-datetime-l1-1-0.dll
0x00000199c3f90000 - 0x00000199c3f93000 	C:\Program Files (x86)\Oracle\javafx-sdk-17.0.1\bin\api-ms-win-core-debug-l1-1-0.dll
0x00000199c3fa0000 - 0x00000199c3fa3000 	C:\Program Files (x86)\Oracle\javafx-sdk-17.0.1\bin\api-ms-win-core-errorhandling-l1-1-0.dll
0x00000199c3fb0000 - 0x00000199c3fb4000 	C:\Program Files (x86)\Oracle\javafx-sdk-17.0.1\bin\api-ms-win-core-file-l1-1-0.dll
0x00000199c3fc0000 - 0x00000199c3fc3000 	C:\Program Files (x86)\Oracle\javafx-sdk-17.0.1\bin\api-ms-win-core-file-l1-2-0.dll
0x00000199c3fd0000 - 0x00000199c3fd3000 	C:\Program Files (x86)\Oracle\javafx-sdk-17.0.1\bin\api-ms-win-core-file-l2-1-0.dll
0x00000199c3fe0000 - 0x00000199c3fe3000 	C:\Program Files (x86)\Oracle\javafx-sdk-17.0.1\bin\api-ms-win-core-handle-l1-1-0.dll
0x00000199c3ff0000 - 0x00000199c3ff3000 	C:\Program Files (x86)\Oracle\javafx-sdk-17.0.1\bin\api-ms-win-core-heap-l1-1-0.dll
0x0000019a06820000 - 0x0000019a06823000 	C:\Program Files (x86)\Oracle\javafx-sdk-17.0.1\bin\api-ms-win-core-interlocked-l1-1-0.dll
0x0000019a06830000 - 0x0000019a06833000 	C:\Program Files (x86)\Oracle\javafx-sdk-17.0.1\bin\api-ms-win-core-libraryloader-l1-1-0.dll
0x0000019a06840000 - 0x0000019a06843000 	C:\Program Files (x86)\Oracle\javafx-sdk-17.0.1\bin\api-ms-win-core-localization-l1-2-0.dll
0x0000019a06850000 - 0x0000019a06853000 	C:\Program Files (x86)\Oracle\javafx-sdk-17.0.1\bin\api-ms-win-core-memory-l1-1-0.dll
0x0000019a06860000 - 0x0000019a06863000 	C:\Program Files (x86)\Oracle\javafx-sdk-17.0.1\bin\api-ms-win-core-namedpipe-l1-1-0.dll
0x0000019a06870000 - 0x0000019a06873000 	C:\Program Files (x86)\Oracle\javafx-sdk-17.0.1\bin\api-ms-win-core-processenvironment-l1-1-0.dll
0x0000019a06880000 - 0x0000019a06883000 	C:\Program Files (x86)\Oracle\javafx-sdk-17.0.1\bin\api-ms-win-core-processthreads-l1-1-0.dll
0x0000019a06890000 - 0x0000019a06893000 	C:\Program Files (x86)\Oracle\javafx-sdk-17.0.1\bin\api-ms-win-core-processthreads-l1-1-1.dll
0x0000019a068a0000 - 0x0000019a068a3000 	C:\Program Files (x86)\Oracle\javafx-sdk-17.0.1\bin\api-ms-win-core-profile-l1-1-0.dll
0x0000019a068b0000 - 0x0000019a068b3000 	C:\Program Files (x86)\Oracle\javafx-sdk-17.0.1\bin\api-ms-win-core-rtlsupport-l1-1-0.dll
0x0000019a068c0000 - 0x0000019a068c3000 	C:\Program Files (x86)\Oracle\javafx-sdk-17.0.1\bin\api-ms-win-core-string-l1-1-0.dll
0x0000019a068d0000 - 0x0000019a068d3000 	C:\Program Files (x86)\Oracle\javafx-sdk-17.0.1\bin\api-ms-win-core-synch-l1-1-0.dll
0x0000019a068e0000 - 0x0000019a068e3000 	C:\Program Files (x86)\Oracle\javafx-sdk-17.0.1\bin\api-ms-win-core-synch-l1-2-0.dll
0x0000019a068f0000 - 0x0000019a068f3000 	C:\Program Files (x86)\Oracle\javafx-sdk-17.0.1\bin\api-ms-win-core-sysinfo-l1-1-0.dll
0x0000019a06900000 - 0x0000019a06903000 	C:\Program Files (x86)\Oracle\javafx-sdk-17.0.1\bin\api-ms-win-core-timezone-l1-1-0.dll
0x0000019a06910000 - 0x0000019a06913000 	C:\Program Files (x86)\Oracle\javafx-sdk-17.0.1\bin\api-ms-win-core-util-l1-1-0.dll
0x0000019a06920000 - 0x0000019a06923000 	C:\Program Files (x86)\Oracle\javafx-sdk-17.0.1\bin\api-ms-win-crt-conio-l1-1-0.dll
0x0000019a06930000 - 0x0000019a06934000 	C:\Program Files (x86)\Oracle\javafx-sdk-17.0.1\bin\api-ms-win-crt-convert-l1-1-0.dll
0x0000019a06940000 - 0x0000019a06943000 	C:\Program Files (x86)\Oracle\javafx-sdk-17.0.1\bin\api-ms-win-crt-environment-l1-1-0.dll
0x0000019a06950000 - 0x0000019a06953000 	C:\Program Files (x86)\Oracle\javafx-sdk-17.0.1\bin\api-ms-win-crt-filesystem-l1-1-0.dll
0x0000019a06960000 - 0x0000019a06963000 	C:\Program Files (x86)\Oracle\javafx-sdk-17.0.1\bin\api-ms-win-crt-heap-l1-1-0.dll
0x0000019a06970000 - 0x0000019a06973000 	C:\Program Files (x86)\Oracle\javafx-sdk-17.0.1\bin\api-ms-win-crt-locale-l1-1-0.dll
0x0000019a06980000 - 0x0000019a06985000 	C:\Program Files (x86)\Oracle\javafx-sdk-17.0.1\bin\api-ms-win-crt-math-l1-1-0.dll
0x0000019a06990000 - 0x0000019a06995000 	C:\Program Files (x86)\Oracle\javafx-sdk-17.0.1\bin\api-ms-win-crt-multibyte-l1-1-0.dll
0x0000019a069a0000 - 0x0000019a069b0000 	C:\Program Files (x86)\Oracle\javafx-sdk-17.0.1\bin\api-ms-win-crt-private-l1-1-0.dll
0x0000019a069b0000 - 0x0000019a069b3000 	C:\Program Files (x86)\Oracle\javafx-sdk-17.0.1\bin\api-ms-win-crt-process-l1-1-0.dll
0x0000019a069c0000 - 0x0000019a069c4000 	C:\Program Files (x86)\Oracle\javafx-sdk-17.0.1\bin\api-ms-win-crt-runtime-l1-1-0.dll
0x0000019a069d0000 - 0x0000019a069d4000 	C:\Program Files (x86)\Oracle\javafx-sdk-17.0.1\bin\api-ms-win-crt-stdio-l1-1-0.dll
0x0000019a069e0000 - 0x0000019a069e4000 	C:\Program Files (x86)\Oracle\javafx-sdk-17.0.1\bin\api-ms-win-crt-string-l1-1-0.dll
0x0000019a069f0000 - 0x0000019a069f3000 	C:\Program Files (x86)\Oracle\javafx-sdk-17.0.1\bin\api-ms-win-crt-time-l1-1-0.dll
0x0000019a06a00000 - 0x0000019a06a03000 	C:\Program Files (x86)\Oracle\javafx-sdk-17.0.1\bin\api-ms-win-crt-utility-l1-1-0.dll
0x00007ff851ef0000 - 0x00007ff851fec000 	C:\Program Files (x86)\Oracle\javafx-sdk-17.0.1\bin\ucrtbase.dll
0x00007ff87cc50000 - 0x00007ff87cc6a000 	C:\Program Files (x86)\Oracle\javafx-sdk-17.0.1\bin\vcruntime140.dll
0x00007ff88f320000 - 0x00007ff88f32c000 	C:\Program Files (x86)\Oracle\javafx-sdk-17.0.1\bin\vcruntime140_1.dll
0x00007ff851c20000 - 0x00007ff851cad000 	C:\Program Files (x86)\Oracle\javafx-sdk-17.0.1\bin\msvcp140.dll
0x00007ff87cc20000 - 0x00007ff87cc4a000 	C:\Program Files (x86)\Oracle\javafx-sdk-17.0.1\bin\prism_d3d.dll
0x00007ff873700000 - 0x00007ff8738ce000 	C:\Windows\system32\d3d9.dll
0x00007ff890420000 - 0x00007ff89044f000 	C:\Windows\SYSTEM32\dwmapi.dll
0x00007ff890150000 - 0x00007ff8901ee000 	C:\Windows\system32\uxtheme.dll
0x00007ff8576f0000 - 0x00007ff857963000 	C:\Windows\System32\DriverStore\FileRepository\iigd_dch.inf_amd64_6246a671f6b2c830\igdumdim64.dll
0x00007ff83fc60000 - 0x00007ff843394000 	C:\Windows\System32\DriverStore\FileRepository\iigd_dch.inf_amd64_6246a671f6b2c830\igd9dxva64.dll
0x00007ff8950d0000 - 0x00007ff8951fa000 	C:\Windows\System32\ole32.dll
0x00007ff893700000 - 0x00007ff8937cd000 	C:\Windows\System32\OLEAUT32.dll
0x00007ff878e20000 - 0x00007ff878e62000 	C:\Program Files (x86)\Oracle\javafx-sdk-17.0.1\bin\glass.dll
0x00007ff894dc0000 - 0x00007ff894e9a000 	C:\Windows\System32\COMDLG32.dll
0x00007ff8935e0000 - 0x00007ff8936f5000 	C:\Windows\System32\MSCTF.dll

dbghelp: loaded successfully - version: 4.0.5 - missing functions: none
symbol engine: initialized successfully - sym options: 0x614 - pdb path: .;C:\Users\Noname\.p2\pool\plugins\org.eclipse.justj.openjdk.hotspot.jre.full.win32.x86_64_17.0.1.v20211116-1657\jre\bin;C:\Windows\SYSTEM32;C:\Program Files\Avast Software\Avast;C:\Windows\WinSxS\amd64_microsoft.windows.common-controls_6595b64144ccf1df_6.0.19041.1052_none_60b8f8fd71f5e8cb;C:\Users\Noname\.p2\pool\plugins\org.eclipse.justj.openjdk.hotspot.jre.full.win32.x86_64_17.0.1.v20211116-1657\jre\bin\server;C:\Program Files (x86)\Oracle\javafx-sdk-17.0.1\bin;C:\Windows\System32\DriverStore\FileRepository\iigd_dch.inf_amd64_6246a671f6b2c830

VM Arguments:
jvm_args: -XX:+ShowCodeDetailsInExceptionMessages -agentlib:jdwp=transport=dt_socket,suspend=y,address=localhost:12764 --module-path=C:\Program Files (x86)\Oracle\javafx-sdk-17.0.1\lib --add-modules=javafx.controls,javafx.fxml -javaagent:D:\Programs\Eclipse\eclipse\configuration\org.eclipse.osgi\222\0\.cp\lib\javaagent-shaded.jar -Dfile.encoding=UTF-8 --module-path=C:\Users\Noname\.p2\pool\plugins\org.eclipse.fx.ide.css.jfx8_3.7.0.202010120832.jar;C:\Program Files (x86)\Oracle\javafx-sdk-17.0.1\lib\javafx.base.jar;C:\Program Files (x86)\Oracle\javafx-sdk-17.0.1\lib\javafx.controls.jar;C:\Program Files (x86)\Oracle\javafx-sdk-17.0.1\lib\javafx.fxml.jar;C:\Program Files (x86)\Oracle\javafx-sdk-17.0.1\lib\javafx.graphics.jar;C:\Program Files (x86)\Oracle\javafx-sdk-17.0.1\lib\javafx.media.jar;C:\Program Files (x86)\Oracle\javafx-sdk-17.0.1\lib\javafx.swing.jar;C:\Program Files (x86)\Oracle\javafx-sdk-17.0.1\lib\javafx.web.jar;C:\Program Files (x86)\Oracle\javafx-sdk-17.0.1\lib\javafx-swt.jar;C:\Program Files (x86)\MySQL\Connector J 8.0\mysql-connector-java-8.0.27.jar 
java_command: client.Client
java_class_path (initial): D:\eclipse-workspace\ProductRecordClientApp\bin;D:\eclipse-workspace\ProductRecordServerApp\bin
Launcher Type: SUN_STANDARD

[Global flags]
     intx CICompilerCount                          = 4                                         {product} {ergonomic}
     uint ConcGCThreads                            = 2                                         {product} {ergonomic}
     uint G1ConcRefinementThreads                  = 8                                         {product} {ergonomic}
   size_t G1HeapRegionSize                         = 1048576                                   {product} {ergonomic}
    uintx GCDrainStackTargetSize                   = 64                                        {product} {ergonomic}
   size_t InitialHeapSize                          = 132120576                                 {product} {ergonomic}
   size_t MarkStackSize                            = 4194304                                   {product} {ergonomic}
   size_t MaxHeapSize                              = 2109734912                                {product} {ergonomic}
   size_t MaxNewSize                               = 1265631232                                {product} {ergonomic}
   size_t MinHeapDeltaBytes                        = 1048576                                   {product} {ergonomic}
   size_t MinHeapSize                              = 8388608                                   {product} {ergonomic}
    uintx NonNMethodCodeHeapSize                   = 5839372                                {pd product} {ergonomic}
    uintx NonProfiledCodeHeapSize                  = 122909434                              {pd product} {ergonomic}
    uintx ProfiledCodeHeapSize                     = 122909434                              {pd product} {ergonomic}
    uintx ReservedCodeCacheSize                    = 251658240                              {pd product} {ergonomic}
     bool SegmentedCodeCache                       = true                                      {product} {ergonomic}
     bool ShowCodeDetailsInExceptionMessages       = true                                   {manageable} {command line}
   size_t SoftMaxHeapSize                          = 2109734912                             {manageable} {ergonomic}
     bool UseCompressedClassPointers               = true                           {product lp64_product} {ergonomic}
     bool UseCompressedOops                        = true                           {product lp64_product} {ergonomic}
     bool UseG1GC                                  = true                                      {product} {ergonomic}
     bool UseLargePagesIndividualAllocation        = false                                  {pd product} {ergonomic}

Logging:
Log output configuration:
 #0: stdout all=warning uptime,level,tags
 #1: stderr all=off uptime,level,tags

Environment Variables:
JAVA_HOME=C:\Program Files\Java\jdk-17
PATH=C:\Users\Noname\.p2\pool\plugins\org.eclipse.justj.openjdk.hotspot.jre.full.win32.x86_64_17.0.1.v20211116-1657\jre\bin;C:/Users/Noname/.p2/pool/plugins/org.eclipse.justj.openjdk.hotspot.jre.full.win32.x86_64_17.0.1.v20211116-1657/jre/bin/server;C:/Users/Noname/.p2/pool/plugins/org.eclipse.justj.openjdk.hotspot.jre.full.win32.x86_64_17.0.1.v20211116-1657/jre/bin;C:\Program Files\Common Files\Oracle\Java\javapath;C:\Program Files (x86)\Common Files\Oracle\Java\javapath;C:\Windows\system32;C:\Windows;C:\Windows\System32\Wbem;C:\Windows\System32\WindowsPowerShell\v1.0\;C:\Program Files (x86)\NVIDIA Corporation\PhysX\Common;C:\Program Files\Microsoft SQL Server\120\Tools\Binn\;C:\Program Files\Microsoft SQL Server\130\Tools\Binn\;C:\Program Files (x86)\Windows Kits\8.1\Windows Performance Toolkit\;C:\Program Files\Git\cmd;C:\Program Files\apache-maven-3.8.3\bin;C:\Program Files\Microsoft VS Code\bin;D:\Programs\Eclipse\eclipse;
USERNAME=Noname
OS=Windows_NT
PROCESSOR_IDENTIFIER=Intel64 Family 6 Model 142 Stepping 11, GenuineIntel



---------------  S Y S T E M  ---------------

OS:
 Windows 10 , 64 bit Build 19041 (10.0.19041.1023)
OS uptime: 3 days 19:26 hours

CPU: total 8 (initial active 8) (4 cores per cpu, 2 threads per core) family 6 model 142 stepping 11 microcode 0xb8, cx8, cmov, fxsr, ht, mmx, 3dnowpref, sse, sse2, sse3, ssse3, sse4.1, sse4.2, popcnt, lzcnt, tsc, tscinvbit, avx, avx2, aes, erms, clmul, bmi1, bmi2, adx, fma, vzeroupper, clflush, clflushopt

Memory: 4k page, system-wide physical 8040M (1455M free)
TotalPageFile size 11441M (AvailPageFile size 5M)
current process WorkingSet (physical memory assigned to process): 82M, peak: 82M
current process commit charge ("private bytes"): 228M, peak: 228M

vm_info: OpenJDK 64-Bit Server VM (17.0.1+12) for windows-amd64 JRE (17.0.1+12), built on Oct 20 2021 07:42:55 by "" with MS VC++ 16.7 (VS2019)

END.
